<?xml version="1.0" encoding="UTF-8"?>
<!-- Generated by org.testng.reporters.JUnitReportReporter -->
<testsuite hostname="WKWIN5997118" failures="0" tests="1" name="pra.Rest" time="1.174" errors="0" timestamp="2022-07-11T18:30:21 IST" skipped="0">
  <testcase classname="pra.Rest" name="RegistrationSuccessful" time="1.174"/>
  <system-out/>
</testsuite> <!-- pra.Rest -->
